0 info it worked if it ends with ok
1 verbose cli [ '/usr/local/bin/node',
1 verbose cli   '/usr/local/bin/npm',
1 verbose cli   'build',
1 verbose cli   'android' ]
2 info using npm@2.11.3
3 info using node@v0.12.7
4 info build /Users/daydev/www/otv/android
5 verbose stack Error: ENOENT, open '/Users/daydev/www/otv/android/package.json'
5 verbose stack     at Error (native)
6 verbose cwd /Users/daydev/www/otv
7 error Darwin 14.5.0
8 error argv "/usr/local/bin/node" "/usr/local/bin/npm" "build" "android"
9 error node v0.12.7
10 error npm  v2.11.3
11 error path /Users/daydev/www/otv/android/package.json
12 error code ENOENT
13 error errno -2
14 error enoent ENOENT, open '/Users/daydev/www/otv/android/package.json'
14 error enoent This is most likely not a problem with npm itself
14 error enoent and is related to npm not being able to find a file.
15 verbose exit [ -2, true ]
